<?xml version="1.0" encoding="utf-8"?><testsuites name="pytest tests"><testsuite name="pytest" errors="0" failures="0" skipped="0" tests="19" time="3.357" timestamp="2026-04-23T09:53:58.900643+00:00" hostname="agent-env-bd5bdf2a-ae97-4fe9-8d64-30aca4c7e23c"><testcase classname="backend.tests.backend_test.TestDocs" name="test_swagger_ui" time="0.233" /><testcase classname="backend.tests.backend_test.TestDocs" name="test_openapi_json" time="0.065" /><testcase classname="backend.tests.backend_test.TestDocs" name="test_root_api" time="0.051" /><testcase classname="backend.tests.backend_test.TestProducts" name="test_list_products_have_slug" time="0.050" /><testcase classname="backend.tests.backend_test.TestProducts" name="test_category_filter_men" time="0.050" /><testcase classname="backend.tests.backend_test.TestProducts" name="test_get_by_slug" time="0.049" /><testcase classname="backend.tests.backend_test.TestAuth" name="test_admin_login" time="0.272" /><testcase classname="backend.tests.backend_test.TestAuth" name="test_register_customer" time="0.275" /><testcase classname="backend.tests.backend_test.TestAuth" name="test_login_invalid" time="0.049" /><testcase classname="backend.tests.backend_test.TestCart" name="test_cart_flow" time="0.347" /><testcase classname="backend.tests.backend_test.TestOrdersPayments" name="test_create_order_jazzcash" time="0.149" /><testcase classname="backend.tests.backend_test.TestOrdersPayments" name="test_mock_jazzcash_paid" time="0.270" /><testcase classname="backend.tests.backend_test.TestOrdersPayments" name="test_mock_easypaisa_paid" time="0.201" /><testcase classname="backend.tests.backend_test.TestOrdersPayments" name="test_mock_cod_pending" time="0.254" /><testcase classname="backend.tests.backend_test.TestOrdersPayments" name="test_mock_rejects_invalid_method" time="0.200" /><testcase classname="backend.tests.backend_test.TestOrdersPayments" name="test_mock_rejects_missing_mobile" time="0.200" /><testcase classname="backend.tests.backend_test.TestOrdersPayments" name="test_admin_update_order_status" time="0.250" /><testcase classname="backend.tests.backend_test.TestAdminProducts" name="test_admin_create_with_auto_slug" time="0.153" /><testcase classname="backend.tests.backend_test.TestAdminProducts" name="test_non_admin_cannot_create" time="0.158" /></testsuite></testsuites>